<?xml version="1.0" encoding="UTF-8"?>
<coverage generated="1757928698991" clover="3.2.0">
  <project timestamp="1757928698992" name="All files">
    <metrics statements="178" coveredstatements="81" conditionals="111" coveredconditionals="40" methods="55" coveredmethods="17" elements="344" coveredelements="138" complexity="0" loc="178" ncloc="178" packages="1" files="1" classes="1"/>
    <file name="api-client.ts" path="/home/lister/envention/union-ui/lib/api-client.ts">
      <metrics statements="178" coveredstatements="81" conditionals="111" coveredconditionals="40" methods="55" coveredmethods="17"/>
      <line num="43" count="2" type="stmt"/>
      <line num="47" count="0" type="stmt"/>
      <line num="51" count="0" type="stmt"/>
      <line num="61" count="0" type="stmt"/>
      <line num="62" count="0" type="stmt"/>
      <line num="68" count="0" type="stmt"/>
      <line num="74" count="0" type="stmt"/>
      <line num="77" count="0" type="cond" truecount="0" falsecount="4"/>
      <line num="78" count="0" type="stmt"/>
      <line num="80" count="0" type="stmt"/>
      <line num="85" count="0" type="cond" truecount="0" falsecount="1"/>
      <line num="87" count="0" type="stmt"/>
      <line num="94" count="0" type="cond" truecount="0" falsecount="1"/>
      <line num="95" count="0" type="stmt"/>
      <line num="96" count="0" type="stmt"/>
      <line num="99" count="0" type="stmt"/>
      <line num="100" count="0" type="cond" truecount="0" falsecount="3"/>
      <line num="101" count="0" type="stmt"/>
      <line num="104" count="0" type="stmt"/>
      <line num="108" count="2" type="stmt"/>
      <line num="112" count="0" type="stmt"/>
      <line num="113" count="0" type="cond" truecount="0" falsecount="1"/>
      <line num="114" count="0" type="stmt"/>
      <line num="115" count="0" type="cond" truecount="0" falsecount="3"/>
      <line num="116" count="0" type="stmt"/>
      <line num="120" count="0" type="stmt"/>
      <line num="124" count="0" type="stmt"/>
      <line num="131" count="0" type="stmt"/>
      <line num="138" count="0" type="stmt"/>
      <line num="142" count="0" type="stmt"/>
      <line num="157" count="1" type="stmt"/>
      <line num="158" count="1" type="stmt"/>
      <line num="160" count="0" type="stmt"/>
      <line num="163" count="0" type="stmt"/>
      <line num="166" count="0" type="stmt"/>
      <line num="169" count="0" type="stmt"/>
      <line num="193" count="1" type="stmt"/>
      <line num="196" count="1" type="stmt"/>
      <line num="199" count="1" type="stmt"/>
      <line num="200" count="1" type="stmt"/>
      <line num="210" count="23" type="cond" truecount="1" falsecount="1"/>
      <line num="212" count="23" type="stmt"/>
      <line num="213" count="23" type="cond" truecount="1" falsecount="0"/>
      <line num="215" count="2" type="stmt"/>
      <line num="216" count="2" type="stmt"/>
      <line num="218" count="1" type="stmt"/>
      <line num="221" count="23" type="stmt"/>
      <line num="224" count="0" type="stmt"/>
      <line num="225" count="0" type="stmt"/>
      <line num="228" count="0" type="cond" truecount="0" falsecount="1"/>
      <line num="229" count="0" type="stmt"/>
      <line num="230" count="0" type="cond" truecount="0" falsecount="2"/>
      <line num="233" count="0" type="stmt"/>
      <line num="237" count="0" type="stmt"/>
      <line num="249" count="23" type="stmt"/>
      <line num="252" count="23" type="stmt"/>
      <line num="253" count="23" type="stmt"/>
      <line num="254" count="23" type="cond" truecount="1" falsecount="0"/>
      <line num="255" count="1" type="stmt"/>
      <line num="256" count="1" type="stmt"/>
      <line num="258" count="23" type="cond" truecount="1" falsecount="0"/>
      <line num="259" count="22" type="stmt"/>
      <line num="262" count="23" type="stmt"/>
      <line num="263" count="23" type="stmt"/>
      <line num="266" count="22" type="stmt"/>
      <line num="269" count="22" type="cond" truecount="4" falsecount="0"/>
      <line num="270" count="4" type="stmt"/>
      <line num="271" count="4" type="stmt"/>
      <line num="272" count="4" type="stmt"/>
      <line num="273" count="3" type="cond" truecount="1" falsecount="0"/>
      <line num="275" count="1" type="stmt"/>
      <line num="278" count="1" type="stmt"/>
      <line num="282" count="21" type="cond" truecount="1" falsecount="0"/>
      <line num="283" count="4" type="stmt"/>
      <line num="284" count="2" type="stmt"/>
      <line num="287" count="17" type="stmt"/>
      <line num="288" count="15" type="cond" truecount="3" falsecount="0"/>
      <line num="289" count="14" type="stmt"/>
      <line num="292" count="1" type="stmt"/>
      <line num="297" count="17" type="stmt"/>
      <line num="298" count="17" type="cond" truecount="1" falsecount="0"/>
      <line num="299" count="2" type="stmt"/>
      <line num="300" count="4" type="cond" truecount="3" falsecount="0"/>
      <line num="301" count="4" type="stmt"/>
      <line num="305" count="17" type="stmt"/>
      <line num="310" count="1" type="stmt"/>
      <line num="318" count="3" type="cond" truecount="3" falsecount="0"/>
      <line num="319" count="2" type="stmt"/>
      <line num="330" count="3" type="stmt"/>
      <line num="336" count="3" type="cond" truecount="1" falsecount="0"/>
      <line num="337" count="2" type="stmt"/>
      <line num="339" count="1" type="stmt"/>
      <line num="343" count="1" type="stmt"/>
      <line num="346" count="1" type="stmt"/>
      <line num="350" count="1" type="stmt"/>
      <line num="355" count="3" type="stmt"/>
      <line num="359" count="0" type="stmt"/>
      <line num="363" count="0" type="stmt"/>
      <line num="371" count="1" type="stmt"/>
      <line num="373" count="2" type="stmt"/>
      <line num="376" count="2" type="cond" truecount="4" falsecount="0"/>
      <line num="377" count="1" type="stmt"/>
      <line num="378" count="1" type="stmt"/>
      <line num="380" count="1" type="stmt"/>
      <line num="384" count="2" type="cond" truecount="1" falsecount="0"/>
      <line num="385" count="1" type="stmt"/>
      <line num="388" count="2" type="cond" truecount="0" falsecount="1"/>
      <line num="389" count="0" type="stmt"/>
      <line num="392" count="2" type="stmt"/>
      <line num="393" count="2" type="stmt"/>
      <line num="396" count="2" type="cond" truecount="2" falsecount="0"/>
      <line num="398" count="2" type="stmt"/>
      <line num="407" count="0" type="stmt"/>
      <line num="410" count="0" type="stmt"/>
      <line num="413" count="0" type="stmt"/>
      <line num="416" count="0" type="stmt"/>
      <line num="419" count="1" type="stmt"/>
      <line num="421" count="0" type="stmt"/>
      <line num="424" count="0" type="cond" truecount="0" falsecount="4"/>
      <line num="425" count="0" type="stmt"/>
      <line num="426" count="0" type="stmt"/>
      <line num="428" count="0" type="stmt"/>
      <line num="432" count="0" type="cond" truecount="0" falsecount="1"/>
      <line num="433" count="0" type="stmt"/>
      <line num="436" count="0" type="stmt"/>
      <line num="437" count="0" type="stmt"/>
      <line num="440" count="0" type="cond" truecount="0" falsecount="2"/>
      <line num="442" count="0" type="stmt"/>
      <line num="451" count="0" type="stmt"/>
      <line num="454" count="0" type="stmt"/>
      <line num="457" count="0" type="stmt"/>
      <line num="460" count="0" type="stmt"/>
      <line num="463" count="0" type="stmt"/>
      <line num="473" count="0" type="stmt"/>
      <line num="475" count="0" type="cond" truecount="0" falsecount="1"/>
      <line num="476" count="0" type="cond" truecount="0" falsecount="1"/>
      <line num="477" count="0" type="cond" truecount="0" falsecount="1"/>
      <line num="478" count="0" type="cond" truecount="0" falsecount="1"/>
      <line num="479" count="0" type="cond" truecount="0" falsecount="1"/>
      <line num="480" count="0" type="cond" truecount="0" falsecount="1"/>
      <line num="482" count="0" type="stmt"/>
      <line num="483" count="0" type="stmt"/>
      <line num="485" count="0" type="cond" truecount="0" falsecount="2"/>
      <line num="487" count="0" type="stmt"/>
      <line num="496" count="1" type="stmt"/>
      <line num="498" count="0" type="stmt"/>
      <line num="501" count="0" type="cond" truecount="0" falsecount="4"/>
      <line num="502" count="0" type="stmt"/>
      <line num="503" count="0" type="stmt"/>
      <line num="505" count="0" type="stmt"/>
      <line num="509" count="0" type="cond" truecount="0" falsecount="1"/>
      <line num="510" count="0" type="stmt"/>
      <line num="513" count="0" type="stmt"/>
      <line num="514" count="0" type="stmt"/>
      <line num="517" count="0" type="cond" truecount="0" falsecount="2"/>
      <line num="519" count="0" type="stmt"/>
      <line num="528" count="0" type="stmt"/>
      <line num="531" count="0" type="stmt"/>
      <line num="534" count="0" type="stmt"/>
      <line num="537" count="0" type="stmt"/>
      <line num="540" count="1" type="stmt"/>
      <line num="542" count="0" type="stmt"/>
      <line num="554" count="1" type="stmt"/>
      <line num="556" count="0" type="stmt"/>
      <line num="559" count="1" type="stmt"/>
      <line num="561" count="0" type="stmt"/>
      <line num="564" count="1" type="stmt"/>
      <line num="566" count="0" type="stmt"/>
      <line num="569" count="1" type="stmt"/>
      <line num="572" count="0" type="stmt"/>
      <line num="579" count="0" type="cond" truecount="0" falsecount="1"/>
      <line num="580" count="0" type="stmt"/>
      <line num="581" count="0" type="stmt"/>
      <line num="584" count="0" type="stmt"/>
      <line num="589" count="1" type="stmt"/>
      <line num="594" count="28" type="stmt"/>
      <line num="599" count="1" type="stmt"/>
      <line num="601" count="1" type="stmt"/>
    </file>
  </project>
</coverage>
