{"/home/lister/envention/union-ui/lib/api-client.ts": {"path":"/home/lister/envention/union-ui/lib/api-client.ts","statementMap":{"0":{"start":{"line":599,"column":13},"end":{"line":599,"column":25}},"1":{"start":{"line":589,"column":13},"end":{"line":589,"column":29}},"2":{"start":{"line":594,"column":13},"end":{"line":594,"column":32}},"3":{"start":{"line":601,"column":0},"end":{"line":601,"column":15}},"4":{"start":{"line":43,"column":4},"end":{"line":43,"column":null}},"5":{"start":{"line":47,"column":4},"end":{"line":47,"column":null}},"6":{"start":{"line":51,"column":4},"end":{"line":51,"column":null}},"7":{"start":{"line":61,"column":16},"end":{"line":61,"column":44}},"8":{"start":{"line":62,"column":20},"end":{"line":66,"column":null}},"9":{"start":{"line":68,"column":21},"end":{"line":71,"column":null}},"10":{"start":{"line":74,"column":4},"end":{"line":74,"column":null}},"11":{"start":{"line":77,"column":4},"end":{"line":92,"column":null}},"12":{"start":{"line":78,"column":6},"end":{"line":91,"column":null}},"13":{"start":{"line":80,"column":32},"end":{"line":83,"column":null}},"14":{"start":{"line":85,"column":8},"end":{"line":88,"column":null}},"15":{"start":{"line":87,"column":10},"end":{"line":87,"column":null}},"16":{"start":{"line":94,"column":4},"end":{"line":97,"column":null}},"17":{"start":{"line":95,"column":20},"end":{"line":95,"column":null}},"18":{"start":{"line":96,"column":6},"end":{"line":96,"column":null}},"19":{"start":{"line":99,"column":24},"end":{"line":99,"column":null}},"20":{"start":{"line":100,"column":4},"end":{"line":102,"column":null}},"21":{"start":{"line":101,"column":6},"end":{"line":101,"column":null}},"22":{"start":{"line":104,"column":4},"end":{"line":104,"column":null}},"23":{"start":{"line":108,"column":4},"end":{"line":108,"column":null}},"24":{"start":{"line":112,"column":16},"end":{"line":112,"column":null}},"25":{"start":{"line":113,"column":4},"end":{"line":119,"column":null}},"26":{"start":{"line":114,"column":6},"end":{"line":118,"column":null}},"27":{"start":{"line":115,"column":8},"end":{"line":117,"column":null}},"28":{"start":{"line":116,"column":10},"end":{"line":116,"column":null}},"29":{"start":{"line":120,"column":4},"end":{"line":120,"column":null}},"30":{"start":{"line":124,"column":4},"end":{"line":127,"column":null}},"31":{"start":{"line":131,"column":4},"end":{"line":134,"column":null}},"32":{"start":{"line":138,"column":4},"end":{"line":138,"column":null}},"33":{"start":{"line":142,"column":4},"end":{"line":145,"column":null}},"34":{"start":{"line":157,"column":4},"end":{"line":157,"column":null}},"35":{"start":{"line":158,"column":4},"end":{"line":170,"column":null}},"36":{"start":{"line":160,"column":8},"end":{"line":160,"column":null}},"37":{"start":{"line":163,"column":8},"end":{"line":163,"column":null}},"38":{"start":{"line":166,"column":8},"end":{"line":166,"column":null}},"39":{"start":{"line":169,"column":8},"end":{"line":169,"column":null}},"40":{"start":{"line":193,"column":4},"end":{"line":193,"column":null}},"41":{"start":{"line":196,"column":4},"end":{"line":196,"column":null}},"42":{"start":{"line":199,"column":4},"end":{"line":201,"column":null}},"43":{"start":{"line":199,"column":4},"end":{"line":199,"column":39}},"44":{"start":{"line":200,"column":6},"end":{"line":200,"column":null}},"45":{"start":{"line":210,"column":4},"end":{"line":235,"column":null}},"46":{"start":{"line":212,"column":18},"end":{"line":212,"column":null}},"47":{"start":{"line":213,"column":6},"end":{"line":220,"column":null}},"48":{"start":{"line":215,"column":8},"end":{"line":219,"column":null}},"49":{"start":{"line":216,"column":10},"end":{"line":216,"column":null}},"50":{"start":{"line":218,"column":10},"end":{"line":218,"column":null}},"51":{"start":{"line":221,"column":6},"end":{"line":221,"column":null}},"52":{"start":{"line":224,"column":6},"end":{"line":234,"column":null}},"53":{"start":{"line":225,"column":25},"end":{"line":227,"column":null}},"54":{"start":{"line":228,"column":8},"end":{"line":231,"column":null}},"55":{"start":{"line":229,"column":23},"end":{"line":229,"column":null}},"56":{"start":{"line":230,"column":10},"end":{"line":230,"column":null}},"57":{"start":{"line":233,"column":8},"end":{"line":233,"column":null}},"58":{"start":{"line":237,"column":4},"end":{"line":237,"column":null}},"59":{"start":{"line":249,"column":18},"end":{"line":249,"column":null}},"60":{"start":{"line":252,"column":20},"end":{"line":252,"column":null}},"61":{"start":{"line":253,"column":4},"end":{"line":253,"column":null}},"62":{"start":{"line":254,"column":4},"end":{"line":257,"column":null}},"63":{"start":{"line":255,"column":23},"end":{"line":255,"column":null}},"64":{"start":{"line":256,"column":6},"end":{"line":256,"column":null}},"65":{"start":{"line":256,"column":39},"end":{"line":256,"column":null}},"66":{"start":{"line":258,"column":4},"end":{"line":260,"column":null}},"67":{"start":{"line":259,"column":6},"end":{"line":259,"column":null}},"68":{"start":{"line":262,"column":16},"end":{"line":262,"column":44}},"69":{"start":{"line":263,"column":21},"end":{"line":263,"column":null}},"70":{"start":{"line":266,"column":4},"end":{"line":266,"column":null}},"71":{"start":{"line":269,"column":4},"end":{"line":280,"column":null}},"72":{"start":{"line":270,"column":6},"end":{"line":279,"column":null}},"73":{"start":{"line":271,"column":8},"end":{"line":271,"column":null}},"74":{"start":{"line":272,"column":25},"end":{"line":272,"column":null}},"75":{"start":{"line":273,"column":8},"end":{"line":276,"column":null}},"76":{"start":{"line":275,"column":10},"end":{"line":275,"column":null}},"77":{"start":{"line":278,"column":8},"end":{"line":278,"column":null}},"78":{"start":{"line":282,"column":4},"end":{"line":285,"column":null}},"79":{"start":{"line":283,"column":20},"end":{"line":283,"column":null}},"80":{"start":{"line":284,"column":6},"end":{"line":284,"column":null}},"81":{"start":{"line":287,"column":24},"end":{"line":287,"column":null}},"82":{"start":{"line":288,"column":4},"end":{"line":290,"column":null}},"83":{"start":{"line":289,"column":6},"end":{"line":289,"column":null}},"84":{"start":{"line":292,"column":4},"end":{"line":292,"column":null}},"85":{"start":{"line":297,"column":16},"end":{"line":297,"column":null}},"86":{"start":{"line":298,"column":4},"end":{"line":304,"column":null}},"87":{"start":{"line":299,"column":6},"end":{"line":303,"column":null}},"88":{"start":{"line":300,"column":8},"end":{"line":302,"column":null}},"89":{"start":{"line":301,"column":10},"end":{"line":301,"column":null}},"90":{"start":{"line":305,"column":4},"end":{"line":305,"column":null}},"91":{"start":{"line":310,"column":4},"end":{"line":313,"column":null}},"92":{"start":{"line":318,"column":4},"end":{"line":328,"column":null}},"93":{"start":{"line":319,"column":6},"end":{"line":327,"column":null}},"94":{"start":{"line":330,"column":19},"end":{"line":333,"column":null}},"95":{"start":{"line":336,"column":4},"end":{"line":353,"column":null}},"96":{"start":{"line":337,"column":6},"end":{"line":351,"column":null}},"97":{"start":{"line":339,"column":10},"end":{"line":342,"column":null}},"98":{"start":{"line":343,"column":10},"end":{"line":343,"column":null}},"99":{"start":{"line":346,"column":10},"end":{"line":349,"column":null}},"100":{"start":{"line":350,"column":10},"end":{"line":350,"column":null}},"101":{"start":{"line":355,"column":4},"end":{"line":355,"column":null}},"102":{"start":{"line":359,"column":4},"end":{"line":359,"column":null}},"103":{"start":{"line":363,"column":4},"end":{"line":366,"column":null}},"104":{"start":{"line":371,"column":4},"end":{"line":417,"column":null}},"105":{"start":{"line":373,"column":49},"end":{"line":373,"column":null}},"106":{"start":{"line":376,"column":8},"end":{"line":381,"column":null}},"107":{"start":{"line":377,"column":10},"end":{"line":377,"column":null}},"108":{"start":{"line":378,"column":10},"end":{"line":378,"column":null}},"109":{"start":{"line":380,"column":10},"end":{"line":380,"column":34}},"110":{"start":{"line":384,"column":8},"end":{"line":386,"column":null}},"111":{"start":{"line":385,"column":10},"end":{"line":385,"column":null}},"112":{"start":{"line":388,"column":8},"end":{"line":390,"column":null}},"113":{"start":{"line":389,"column":10},"end":{"line":389,"column":null}},"114":{"start":{"line":392,"column":25},"end":{"line":392,"column":null}},"115":{"start":{"line":393,"column":24},"end":{"line":393,"column":null}},"116":{"start":{"line":396,"column":22},"end":{"line":396,"column":111}},"117":{"start":{"line":398,"column":8},"end":{"line":403,"column":null}},"118":{"start":{"line":407,"column":8},"end":{"line":407,"column":null}},"119":{"start":{"line":410,"column":8},"end":{"line":410,"column":null}},"120":{"start":{"line":413,"column":8},"end":{"line":413,"column":null}},"121":{"start":{"line":416,"column":8},"end":{"line":416,"column":null}},"122":{"start":{"line":419,"column":4},"end":{"line":494,"column":null}},"123":{"start":{"line":421,"column":49},"end":{"line":421,"column":null}},"124":{"start":{"line":424,"column":8},"end":{"line":429,"column":null}},"125":{"start":{"line":425,"column":10},"end":{"line":425,"column":null}},"126":{"start":{"line":426,"column":10},"end":{"line":426,"column":null}},"127":{"start":{"line":428,"column":10},"end":{"line":428,"column":34}},"128":{"start":{"line":432,"column":8},"end":{"line":434,"column":null}},"129":{"start":{"line":433,"column":10},"end":{"line":433,"column":null}},"130":{"start":{"line":436,"column":25},"end":{"line":436,"column":null}},"131":{"start":{"line":437,"column":24},"end":{"line":437,"column":null}},"132":{"start":{"line":440,"column":22},"end":{"line":440,"column":111}},"133":{"start":{"line":442,"column":8},"end":{"line":447,"column":null}},"134":{"start":{"line":451,"column":8},"end":{"line":451,"column":null}},"135":{"start":{"line":454,"column":8},"end":{"line":454,"column":null}},"136":{"start":{"line":457,"column":8},"end":{"line":457,"column":null}},"137":{"start":{"line":460,"column":8},"end":{"line":460,"column":null}},"138":{"start":{"line":463,"column":8},"end":{"line":463,"column":null}},"139":{"start":{"line":473,"column":49},"end":{"line":473,"column":null}},"140":{"start":{"line":475,"column":8},"end":{"line":475,"column":null}},"141":{"start":{"line":475,"column":42},"end":{"line":475,"column":null}},"142":{"start":{"line":476,"column":8},"end":{"line":476,"column":null}},"143":{"start":{"line":476,"column":41},"end":{"line":476,"column":null}},"144":{"start":{"line":477,"column":8},"end":{"line":477,"column":null}},"145":{"start":{"line":477,"column":34},"end":{"line":477,"column":null}},"146":{"start":{"line":478,"column":8},"end":{"line":478,"column":null}},"147":{"start":{"line":478,"column":32},"end":{"line":478,"column":null}},"148":{"start":{"line":479,"column":8},"end":{"line":479,"column":null}},"149":{"start":{"line":479,"column":32},"end":{"line":479,"column":null}},"150":{"start":{"line":480,"column":8},"end":{"line":480,"column":null}},"151":{"start":{"line":480,"column":30},"end":{"line":480,"column":null}},"152":{"start":{"line":482,"column":25},"end":{"line":482,"column":null}},"153":{"start":{"line":483,"column":24},"end":{"line":483,"column":null}},"154":{"start":{"line":485,"column":22},"end":{"line":485,"column":111}},"155":{"start":{"line":487,"column":8},"end":{"line":492,"column":null}},"156":{"start":{"line":496,"column":4},"end":{"line":538,"column":null}},"157":{"start":{"line":498,"column":49},"end":{"line":498,"column":null}},"158":{"start":{"line":501,"column":8},"end":{"line":506,"column":null}},"159":{"start":{"line":502,"column":10},"end":{"line":502,"column":null}},"160":{"start":{"line":503,"column":10},"end":{"line":503,"column":null}},"161":{"start":{"line":505,"column":10},"end":{"line":505,"column":34}},"162":{"start":{"line":509,"column":8},"end":{"line":511,"column":null}},"163":{"start":{"line":510,"column":10},"end":{"line":510,"column":null}},"164":{"start":{"line":513,"column":25},"end":{"line":513,"column":null}},"165":{"start":{"line":514,"column":24},"end":{"line":514,"column":null}},"166":{"start":{"line":517,"column":22},"end":{"line":517,"column":111}},"167":{"start":{"line":519,"column":8},"end":{"line":524,"column":null}},"168":{"start":{"line":528,"column":8},"end":{"line":528,"column":null}},"169":{"start":{"line":531,"column":8},"end":{"line":531,"column":null}},"170":{"start":{"line":534,"column":8},"end":{"line":534,"column":null}},"171":{"start":{"line":537,"column":8},"end":{"line":537,"column":null}},"172":{"start":{"line":540,"column":4},"end":{"line":552,"column":null}},"173":{"start":{"line":542,"column":8},"end":{"line":551,"column":null}},"174":{"start":{"line":554,"column":4},"end":{"line":557,"column":null}},"175":{"start":{"line":556,"column":8},"end":{"line":556,"column":null}},"176":{"start":{"line":559,"column":4},"end":{"line":562,"column":null}},"177":{"start":{"line":561,"column":8},"end":{"line":561,"column":null}},"178":{"start":{"line":564,"column":4},"end":{"line":567,"column":null}},"179":{"start":{"line":566,"column":8},"end":{"line":566,"column":null}},"180":{"start":{"line":569,"column":4},"end":{"line":574,"column":null}},"181":{"start":{"line":572,"column":8},"end":{"line":572,"column":null}},"182":{"start":{"line":579,"column":4},"end":{"line":582,"column":null}},"183":{"start":{"line":580,"column":35},"end":{"line":580,"column":null}},"184":{"start":{"line":580,"column":41},"end":{"line":580,"column":null}},"185":{"start":{"line":581,"column":6},"end":{"line":581,"column":null}},"186":{"start":{"line":584,"column":4},"end":{"line":584,"column":null}},"187":{"start":{"line":589,"column":29},"end":{"line":590,"column":null}},"188":{"start":{"line":594,"column":32},"end":{"line":595,"column":null}},"189":{"start":{"line":599,"column":25},"end":{"line":599,"column":null}},"190":{"start":{"line":601,"column":15},"end":{"line":601,"column":null}}},"fnMap":{"0":{"name":"(anonymous_8)","decl":{"start":{"line":42,"column":2},"end":{"line":42,"column":14}},"loc":{"start":{"line":42,"column":31},"end":{"line":44,"column":null}}},"1":{"name":"(anonymous_9)","decl":{"start":{"line":46,"column":2},"end":{"line":46,"column":15}},"loc":{"start":{"line":46,"column":30},"end":{"line":48,"column":null}}},"2":{"name":"(anonymous_10)","decl":{"start":{"line":50,"column":2},"end":{"line":50,"column":19}},"loc":{"start":{"line":50,"column":19},"end":{"line":52,"column":null}}},"3":{"name":"(anonymous_11)","decl":{"start":{"line":56,"column":2},"end":{"line":56,"column":18}},"loc":{"start":{"line":60,"column":16},"end":{"line":105,"column":null}}},"4":{"name":"(anonymous_12)","decl":{"start":{"line":107,"column":2},"end":{"line":107,"column":52}},"loc":{"start":{"line":107,"column":52},"end":{"line":109,"column":null}}},"5":{"name":"(anonymous_13)","decl":{"start":{"line":111,"column":2},"end":{"line":111,"column":8}},"loc":{"start":{"line":111,"column":75},"end":{"line":121,"column":null}}},"6":{"name":"(anonymous_14)","decl":{"start":{"line":114,"column":37},"end":{"line":114,"column":38}},"loc":{"start":{"line":114,"column":50},"end":{"line":118,"column":null}}},"7":{"name":"(anonymous_15)","decl":{"start":{"line":123,"column":2},"end":{"line":123,"column":8}},"loc":{"start":{"line":123,"column":58},"end":{"line":128,"column":null}}},"8":{"name":"(anonymous_16)","decl":{"start":{"line":130,"column":2},"end":{"line":130,"column":8}},"loc":{"start":{"line":130,"column":57},"end":{"line":135,"column":null}}},"9":{"name":"(anonymous_17)","decl":{"start":{"line":137,"column":2},"end":{"line":137,"column":8}},"loc":{"start":{"line":137,"column":48},"end":{"line":139,"column":null}}},"10":{"name":"(anonymous_18)","decl":{"start":{"line":141,"column":2},"end":{"line":141,"column":8}},"loc":{"start":{"line":141,"column":59},"end":{"line":146,"column":null}}},"11":{"name":"(anonymous_19)","decl":{"start":{"line":156,"column":2},"end":{"line":156,"column":14}},"loc":{"start":{"line":156,"column":31},"end":{"line":171,"column":null}}},"12":{"name":"(anonymous_20)","decl":{"start":{"line":159,"column":13},"end":{"line":159,"column":14}},"loc":{"start":{"line":160,"column":8},"end":{"line":160,"column":null}}},"13":{"name":"(anonymous_21)","decl":{"start":{"line":162,"column":14},"end":{"line":162,"column":null}},"loc":{"start":{"line":163,"column":8},"end":{"line":163,"column":null}}},"14":{"name":"(anonymous_22)","decl":{"start":{"line":165,"column":20},"end":{"line":165,"column":null}},"loc":{"start":{"line":166,"column":8},"end":{"line":166,"column":null}}},"15":{"name":"(anonymous_23)","decl":{"start":{"line":168,"column":10},"end":{"line":168,"column":null}},"loc":{"start":{"line":169,"column":8},"end":{"line":169,"column":null}}},"16":{"name":"(anonymous_24)","decl":{"start":{"line":192,"column":2},"end":{"line":192,"column":14}},"loc":{"start":{"line":192,"column":31},"end":{"line":202,"column":null}}},"17":{"name":"(anonymous_25)","decl":{"start":{"line":199,"column":4},"end":{"line":199,"column":11}},"loc":{"start":{"line":199,"column":4},"end":{"line":199,"column":39}}},"18":{"name":"(anonymous_26)","decl":{"start":{"line":199,"column":44},"end":{"line":199,"column":45}},"loc":{"start":{"line":199,"column":65},"end":{"line":201,"column":null}}},"19":{"name":"(anonymous_27)","decl":{"start":{"line":209,"column":2},"end":{"line":209,"column":16}},"loc":{"start":{"line":209,"column":55},"end":{"line":238,"column":null}}},"20":{"name":"(anonymous_28)","decl":{"start":{"line":243,"column":2},"end":{"line":243,"column":18}},"loc":{"start":{"line":247,"column":16},"end":{"line":293,"column":null}}},"21":{"name":"(anonymous_29)","decl":{"start":{"line":256,"column":23},"end":{"line":256,"column":24}},"loc":{"start":{"line":256,"column":39},"end":{"line":256,"column":null}}},"22":{"name":"(anonymous_30)","decl":{"start":{"line":296,"column":2},"end":{"line":296,"column":8}},"loc":{"start":{"line":296,"column":75},"end":{"line":306,"column":null}}},"23":{"name":"(anonymous_31)","decl":{"start":{"line":299,"column":37},"end":{"line":299,"column":38}},"loc":{"start":{"line":299,"column":50},"end":{"line":303,"column":null}}},"24":{"name":"(anonymous_32)","decl":{"start":{"line":309,"column":2},"end":{"line":309,"column":8}},"loc":{"start":{"line":309,"column":58},"end":{"line":314,"column":null}}},"25":{"name":"(anonymous_33)","decl":{"start":{"line":316,"column":2},"end":{"line":316,"column":8}},"loc":{"start":{"line":316,"column":57},"end":{"line":356,"column":null}}},"26":{"name":"(anonymous_34)","decl":{"start":{"line":338,"column":8},"end":{"line":338,"column":9}},"loc":{"start":{"line":338,"column":9},"end":{"line":344,"column":null}}},"27":{"name":"(anonymous_35)","decl":{"start":{"line":345,"column":8},"end":{"line":345,"column":9}},"loc":{"start":{"line":345,"column":9},"end":{"line":351,"column":null}}},"28":{"name":"(anonymous_36)","decl":{"start":{"line":358,"column":2},"end":{"line":358,"column":8}},"loc":{"start":{"line":358,"column":48},"end":{"line":360,"column":null}}},"29":{"name":"(anonymous_37)","decl":{"start":{"line":362,"column":2},"end":{"line":362,"column":8}},"loc":{"start":{"line":362,"column":59},"end":{"line":367,"column":null}}},"30":{"name":"(anonymous_38)","decl":{"start":{"line":370,"column":2},"end":{"line":370,"column":24}},"loc":{"start":{"line":370,"column":24},"end":{"line":575,"column":null}}},"31":{"name":"(anonymous_39)","decl":{"start":{"line":372,"column":12},"end":{"line":372,"column":19}},"loc":{"start":{"line":372,"column":19},"end":{"line":404,"column":null}}},"32":{"name":"(anonymous_40)","decl":{"start":{"line":406,"column":11},"end":{"line":406,"column":12}},"loc":{"start":{"line":407,"column":8},"end":{"line":407,"column":null}}},"33":{"name":"(anonymous_41)","decl":{"start":{"line":409,"column":14},"end":{"line":409,"column":15}},"loc":{"start":{"line":410,"column":8},"end":{"line":410,"column":null}}},"34":{"name":"(anonymous_42)","decl":{"start":{"line":412,"column":14},"end":{"line":412,"column":15}},"loc":{"start":{"line":413,"column":8},"end":{"line":413,"column":null}}},"35":{"name":"(anonymous_43)","decl":{"start":{"line":415,"column":14},"end":{"line":415,"column":15}},"loc":{"start":{"line":416,"column":8},"end":{"line":416,"column":null}}},"36":{"name":"(anonymous_44)","decl":{"start":{"line":420,"column":12},"end":{"line":420,"column":19}},"loc":{"start":{"line":420,"column":19},"end":{"line":448,"column":null}}},"37":{"name":"(anonymous_45)","decl":{"start":{"line":450,"column":11},"end":{"line":450,"column":12}},"loc":{"start":{"line":451,"column":8},"end":{"line":451,"column":null}}},"38":{"name":"(anonymous_46)","decl":{"start":{"line":453,"column":18},"end":{"line":453,"column":19}},"loc":{"start":{"line":454,"column":8},"end":{"line":454,"column":null}}},"39":{"name":"(anonymous_47)","decl":{"start":{"line":456,"column":14},"end":{"line":456,"column":15}},"loc":{"start":{"line":457,"column":8},"end":{"line":457,"column":null}}},"40":{"name":"(anonymous_48)","decl":{"start":{"line":459,"column":14},"end":{"line":459,"column":15}},"loc":{"start":{"line":460,"column":8},"end":{"line":460,"column":null}}},"41":{"name":"(anonymous_49)","decl":{"start":{"line":462,"column":14},"end":{"line":462,"column":15}},"loc":{"start":{"line":463,"column":8},"end":{"line":463,"column":null}}},"42":{"name":"(anonymous_50)","decl":{"start":{"line":465,"column":24},"end":{"line":465,"column":31}},"loc":{"start":{"line":465,"column":43},"end":{"line":493,"column":null}}},"43":{"name":"(anonymous_51)","decl":{"start":{"line":497,"column":12},"end":{"line":497,"column":19}},"loc":{"start":{"line":497,"column":19},"end":{"line":525,"column":null}}},"44":{"name":"(anonymous_52)","decl":{"start":{"line":527,"column":11},"end":{"line":527,"column":12}},"loc":{"start":{"line":528,"column":8},"end":{"line":528,"column":null}}},"45":{"name":"(anonymous_53)","decl":{"start":{"line":530,"column":14},"end":{"line":530,"column":15}},"loc":{"start":{"line":531,"column":8},"end":{"line":531,"column":null}}},"46":{"name":"(anonymous_54)","decl":{"start":{"line":533,"column":14},"end":{"line":533,"column":15}},"loc":{"start":{"line":534,"column":8},"end":{"line":534,"column":null}}},"47":{"name":"(anonymous_55)","decl":{"start":{"line":536,"column":14},"end":{"line":536,"column":15}},"loc":{"start":{"line":537,"column":8},"end":{"line":537,"column":null}}},"48":{"name":"(anonymous_56)","decl":{"start":{"line":541,"column":16},"end":{"line":541,"column":null}},"loc":{"start":{"line":542,"column":8},"end":{"line":551,"column":null}}},"49":{"name":"(anonymous_57)","decl":{"start":{"line":555,"column":16},"end":{"line":555,"column":null}},"loc":{"start":{"line":556,"column":8},"end":{"line":556,"column":null}}},"50":{"name":"(anonymous_58)","decl":{"start":{"line":560,"column":12},"end":{"line":560,"column":null}},"loc":{"start":{"line":561,"column":8},"end":{"line":561,"column":null}}},"51":{"name":"(anonymous_59)","decl":{"start":{"line":565,"column":12},"end":{"line":565,"column":null}},"loc":{"start":{"line":566,"column":8},"end":{"line":566,"column":null}}},"52":{"name":"(anonymous_60)","decl":{"start":{"line":570,"column":12},"end":{"line":570,"column":null}},"loc":{"start":{"line":570,"column":12},"end":{"line":573,"column":null}}},"53":{"name":"(anonymous_61)","decl":{"start":{"line":577,"column":2},"end":{"line":577,"column":8}},"loc":{"start":{"line":577,"column":21},"end":{"line":585,"column":null}}},"54":{"name":"(anonymous_62)","decl":{"start":{"line":580,"column":41},"end":{"line":580,"column":48}},"loc":{"start":{"line":580,"column":41},"end":{"line":580,"column":null}}}},"branchMap":{"0":{"loc":{"start":{"line":58,"column":4},"end":{"line":58,"column":29}},"type":"default-arg","locations":[{"start":{"line":58,"column":27},"end":{"line":58,"column":29}}]},"1":{"loc":{"start":{"line":59,"column":4},"end":{"line":59,"column":18}},"type":"default-arg","locations":[{"start":{"line":59,"column":17},"end":{"line":59,"column":18}}]},"2":{"loc":{"start":{"line":64,"column":10},"end":{"line":64,"column":65}},"type":"binary-expr","locations":[{"start":{"line":64,"column":10},"end":{"line":64,"column":20}},{"start":{"line":64,"column":24},"end":{"line":64,"column":65}}]},"3":{"loc":{"start":{"line":77,"column":4},"end":{"line":92,"column":null}},"type":"if","locations":[{"start":{"line":77,"column":4},"end":{"line":92,"column":null}}]},"4":{"loc":{"start":{"line":77,"column":8},"end":{"line":77,"column":85}},"type":"binary-expr","locations":[{"start":{"line":77,"column":8},"end":{"line":77,"column":35}},{"start":{"line":77,"column":35},"end":{"line":77,"column":67}},{"start":{"line":77,"column":67},"end":{"line":77,"column":85}}]},"5":{"loc":{"start":{"line":85,"column":8},"end":{"line":88,"column":null}},"type":"if","locations":[{"start":{"line":85,"column":8},"end":{"line":88,"column":null}}]},"6":{"loc":{"start":{"line":94,"column":4},"end":{"line":97,"column":null}},"type":"if","locations":[{"start":{"line":94,"column":4},"end":{"line":97,"column":null}}]},"7":{"loc":{"start":{"line":100,"column":4},"end":{"line":102,"column":null}},"type":"if","locations":[{"start":{"line":100,"column":4},"end":{"line":102,"column":null}}]},"8":{"loc":{"start":{"line":100,"column":8},"end":{"line":100,"column":65}},"type":"binary-expr","locations":[{"start":{"line":100,"column":8},"end":{"line":100,"column":23}},{"start":{"line":100,"column":23},"end":{"line":100,"column":65}}]},"9":{"loc":{"start":{"line":113,"column":4},"end":{"line":119,"column":null}},"type":"if","locations":[{"start":{"line":113,"column":4},"end":{"line":119,"column":null}}]},"10":{"loc":{"start":{"line":115,"column":8},"end":{"line":117,"column":null}},"type":"if","locations":[{"start":{"line":115,"column":8},"end":{"line":117,"column":null}}]},"11":{"loc":{"start":{"line":115,"column":12},"end":{"line":115,"column":51}},"type":"binary-expr","locations":[{"start":{"line":115,"column":12},"end":{"line":115,"column":35}},{"start":{"line":115,"column":35},"end":{"line":115,"column":51}}]},"12":{"loc":{"start":{"line":126,"column":12},"end":{"line":126,"column":null}},"type":"cond-expr","locations":[{"start":{"line":126,"column":19},"end":{"line":126,"column":42}},{"start":{"line":126,"column":42},"end":{"line":126,"column":null}}]},"13":{"loc":{"start":{"line":133,"column":12},"end":{"line":133,"column":null}},"type":"cond-expr","locations":[{"start":{"line":133,"column":19},"end":{"line":133,"column":42}},{"start":{"line":133,"column":42},"end":{"line":133,"column":null}}]},"14":{"loc":{"start":{"line":144,"column":12},"end":{"line":144,"column":null}},"type":"cond-expr","locations":[{"start":{"line":144,"column":19},"end":{"line":144,"column":42}},{"start":{"line":144,"column":42},"end":{"line":144,"column":null}}]},"15":{"loc":{"start":{"line":210,"column":4},"end":{"line":235,"column":null}},"type":"if","locations":[{"start":{"line":210,"column":4},"end":{"line":235,"column":null}},{"start":{"line":222,"column":11},"end":{"line":235,"column":null}}]},"16":{"loc":{"start":{"line":213,"column":6},"end":{"line":220,"column":null}},"type":"if","locations":[{"start":{"line":213,"column":6},"end":{"line":220,"column":null}}]},"17":{"loc":{"start":{"line":228,"column":8},"end":{"line":231,"column":null}},"type":"if","locations":[{"start":{"line":228,"column":8},"end":{"line":231,"column":null}}]},"18":{"loc":{"start":{"line":230,"column":17},"end":{"line":230,"column":null}},"type":"binary-expr","locations":[{"start":{"line":230,"column":17},"end":{"line":230,"column":33}},{"start":{"line":230,"column":37},"end":{"line":230,"column":null}}]},"19":{"loc":{"start":{"line":245,"column":4},"end":{"line":245,"column":29}},"type":"default-arg","locations":[{"start":{"line":245,"column":27},"end":{"line":245,"column":29}}]},"20":{"loc":{"start":{"line":246,"column":4},"end":{"line":246,"column":18}},"type":"default-arg","locations":[{"start":{"line":246,"column":17},"end":{"line":246,"column":18}}]},"21":{"loc":{"start":{"line":254,"column":4},"end":{"line":257,"column":null}},"type":"if","locations":[{"start":{"line":254,"column":4},"end":{"line":257,"column":null}}]},"22":{"loc":{"start":{"line":258,"column":4},"end":{"line":260,"column":null}},"type":"if","locations":[{"start":{"line":258,"column":4},"end":{"line":260,"column":null}}]},"23":{"loc":{"start":{"line":269,"column":4},"end":{"line":280,"column":null}},"type":"if","locations":[{"start":{"line":269,"column":4},"end":{"line":280,"column":null}}]},"24":{"loc":{"start":{"line":269,"column":8},"end":{"line":269,"column":72}},"type":"binary-expr","locations":[{"start":{"line":269,"column":8},"end":{"line":269,"column":35}},{"start":{"line":269,"column":35},"end":{"line":269,"column":55}},{"start":{"line":269,"column":55},"end":{"line":269,"column":72}}]},"25":{"loc":{"start":{"line":273,"column":8},"end":{"line":276,"column":null}},"type":"if","locations":[{"start":{"line":273,"column":8},"end":{"line":276,"column":null}}]},"26":{"loc":{"start":{"line":282,"column":4},"end":{"line":285,"column":null}},"type":"if","locations":[{"start":{"line":282,"column":4},"end":{"line":285,"column":null}}]},"27":{"loc":{"start":{"line":288,"column":4},"end":{"line":290,"column":null}},"type":"if","locations":[{"start":{"line":288,"column":4},"end":{"line":290,"column":null}}]},"28":{"loc":{"start":{"line":288,"column":8},"end":{"line":288,"column":65}},"type":"binary-expr","locations":[{"start":{"line":288,"column":8},"end":{"line":288,"column":23}},{"start":{"line":288,"column":23},"end":{"line":288,"column":65}}]},"29":{"loc":{"start":{"line":298,"column":4},"end":{"line":304,"column":null}},"type":"if","locations":[{"start":{"line":298,"column":4},"end":{"line":304,"column":null}}]},"30":{"loc":{"start":{"line":300,"column":8},"end":{"line":302,"column":null}},"type":"if","locations":[{"start":{"line":300,"column":8},"end":{"line":302,"column":null}}]},"31":{"loc":{"start":{"line":300,"column":12},"end":{"line":300,"column":51}},"type":"binary-expr","locations":[{"start":{"line":300,"column":12},"end":{"line":300,"column":35}},{"start":{"line":300,"column":35},"end":{"line":300,"column":51}}]},"32":{"loc":{"start":{"line":312,"column":12},"end":{"line":312,"column":null}},"type":"cond-expr","locations":[{"start":{"line":312,"column":19},"end":{"line":312,"column":42}},{"start":{"line":312,"column":42},"end":{"line":312,"column":null}}]},"33":{"loc":{"start":{"line":318,"column":4},"end":{"line":328,"column":null}},"type":"if","locations":[{"start":{"line":318,"column":4},"end":{"line":328,"column":null}}]},"34":{"loc":{"start":{"line":318,"column":8},"end":{"line":318,"column":55}},"type":"binary-expr","locations":[{"start":{"line":318,"column":8},"end":{"line":318,"column":49}},{"start":{"line":318,"column":49},"end":{"line":318,"column":55}}]},"35":{"loc":{"start":{"line":322,"column":18},"end":{"line":322,"column":null}},"type":"cond-expr","locations":[{"start":{"line":322,"column":25},"end":{"line":322,"column":52}},{"start":{"line":322,"column":55},"end":{"line":322,"column":null}}]},"36":{"loc":{"start":{"line":323,"column":28},"end":{"line":326,"column":null}},"type":"cond-expr","locations":[{"start":{"line":323,"column":55},"end":{"line":326,"column":12}},{"start":{"line":326,"column":12},"end":{"line":326,"column":null}}]},"37":{"loc":{"start":{"line":332,"column":12},"end":{"line":332,"column":null}},"type":"cond-expr","locations":[{"start":{"line":332,"column":19},"end":{"line":332,"column":42}},{"start":{"line":332,"column":42},"end":{"line":332,"column":null}}]},"38":{"loc":{"start":{"line":336,"column":4},"end":{"line":353,"column":null}},"type":"if","locations":[{"start":{"line":336,"column":4},"end":{"line":353,"column":null}}]},"39":{"loc":{"start":{"line":365,"column":12},"end":{"line":365,"column":null}},"type":"cond-expr","locations":[{"start":{"line":365,"column":19},"end":{"line":365,"column":42}},{"start":{"line":365,"column":42},"end":{"line":365,"column":null}}]},"40":{"loc":{"start":{"line":376,"column":8},"end":{"line":381,"column":null}},"type":"if","locations":[{"start":{"line":376,"column":8},"end":{"line":381,"column":null}},{"start":{"line":379,"column":15},"end":{"line":381,"column":null}}]},"41":{"loc":{"start":{"line":376,"column":12},"end":{"line":376,"column":71}},"type":"binary-expr","locations":[{"start":{"line":376,"column":12},"end":{"line":376,"column":42}},{"start":{"line":376,"column":42},"end":{"line":376,"column":71}}]},"42":{"loc":{"start":{"line":384,"column":8},"end":{"line":386,"column":null}},"type":"if","locations":[{"start":{"line":384,"column":8},"end":{"line":386,"column":null}}]},"43":{"loc":{"start":{"line":388,"column":8},"end":{"line":390,"column":null}},"type":"if","locations":[{"start":{"line":388,"column":8},"end":{"line":390,"column":null}}]},"44":{"loc":{"start":{"line":396,"column":22},"end":{"line":396,"column":111}},"type":"cond-expr","locations":[{"start":{"line":396,"column":54},"end":{"line":396,"column":96}},{"start":{"line":396,"column":96},"end":{"line":396,"column":111}}]},"45":{"loc":{"start":{"line":401,"column":16},"end":{"line":401,"column":null}},"type":"binary-expr","locations":[{"start":{"line":401,"column":16},"end":{"line":401,"column":32}},{"start":{"line":401,"column":32},"end":{"line":401,"column":null}}]},"46":{"loc":{"start":{"line":402,"column":17},"end":{"line":402,"column":null}},"type":"binary-expr","locations":[{"start":{"line":402,"column":17},"end":{"line":402,"column":34}},{"start":{"line":402,"column":34},"end":{"line":402,"column":null}}]},"47":{"loc":{"start":{"line":424,"column":8},"end":{"line":429,"column":null}},"type":"if","locations":[{"start":{"line":424,"column":8},"end":{"line":429,"column":null}},{"start":{"line":427,"column":15},"end":{"line":429,"column":null}}]},"48":{"loc":{"start":{"line":424,"column":12},"end":{"line":424,"column":71}},"type":"binary-expr","locations":[{"start":{"line":424,"column":12},"end":{"line":424,"column":42}},{"start":{"line":424,"column":42},"end":{"line":424,"column":71}}]},"49":{"loc":{"start":{"line":432,"column":8},"end":{"line":434,"column":null}},"type":"if","locations":[{"start":{"line":432,"column":8},"end":{"line":434,"column":null}}]},"50":{"loc":{"start":{"line":440,"column":22},"end":{"line":440,"column":111}},"type":"cond-expr","locations":[{"start":{"line":440,"column":54},"end":{"line":440,"column":96}},{"start":{"line":440,"column":96},"end":{"line":440,"column":111}}]},"51":{"loc":{"start":{"line":445,"column":16},"end":{"line":445,"column":null}},"type":"binary-expr","locations":[{"start":{"line":445,"column":16},"end":{"line":445,"column":32}},{"start":{"line":445,"column":32},"end":{"line":445,"column":null}}]},"52":{"loc":{"start":{"line":446,"column":17},"end":{"line":446,"column":null}},"type":"binary-expr","locations":[{"start":{"line":446,"column":17},"end":{"line":446,"column":34}},{"start":{"line":446,"column":34},"end":{"line":446,"column":null}}]},"53":{"loc":{"start":{"line":475,"column":8},"end":{"line":475,"column":null}},"type":"if","locations":[{"start":{"line":475,"column":8},"end":{"line":475,"column":null}}]},"54":{"loc":{"start":{"line":476,"column":8},"end":{"line":476,"column":null}},"type":"if","locations":[{"start":{"line":476,"column":8},"end":{"line":476,"column":null}}]},"55":{"loc":{"start":{"line":477,"column":8},"end":{"line":477,"column":null}},"type":"if","locations":[{"start":{"line":477,"column":8},"end":{"line":477,"column":null}}]},"56":{"loc":{"start":{"line":478,"column":8},"end":{"line":478,"column":null}},"type":"if","locations":[{"start":{"line":478,"column":8},"end":{"line":478,"column":null}}]},"57":{"loc":{"start":{"line":479,"column":8},"end":{"line":479,"column":null}},"type":"if","locations":[{"start":{"line":479,"column":8},"end":{"line":479,"column":null}}]},"58":{"loc":{"start":{"line":480,"column":8},"end":{"line":480,"column":null}},"type":"if","locations":[{"start":{"line":480,"column":8},"end":{"line":480,"column":null}}]},"59":{"loc":{"start":{"line":485,"column":22},"end":{"line":485,"column":111}},"type":"cond-expr","locations":[{"start":{"line":485,"column":54},"end":{"line":485,"column":96}},{"start":{"line":485,"column":96},"end":{"line":485,"column":111}}]},"60":{"loc":{"start":{"line":490,"column":18},"end":{"line":490,"column":null}},"type":"binary-expr","locations":[{"start":{"line":490,"column":18},"end":{"line":490,"column":36}},{"start":{"line":490,"column":36},"end":{"line":490,"column":null}}]},"61":{"loc":{"start":{"line":491,"column":17},"end":{"line":491,"column":null}},"type":"binary-expr","locations":[{"start":{"line":491,"column":17},"end":{"line":491,"column":34}},{"start":{"line":491,"column":34},"end":{"line":491,"column":null}}]},"62":{"loc":{"start":{"line":501,"column":8},"end":{"line":506,"column":null}},"type":"if","locations":[{"start":{"line":501,"column":8},"end":{"line":506,"column":null}},{"start":{"line":504,"column":15},"end":{"line":506,"column":null}}]},"63":{"loc":{"start":{"line":501,"column":12},"end":{"line":501,"column":71}},"type":"binary-expr","locations":[{"start":{"line":501,"column":12},"end":{"line":501,"column":42}},{"start":{"line":501,"column":42},"end":{"line":501,"column":71}}]},"64":{"loc":{"start":{"line":509,"column":8},"end":{"line":511,"column":null}},"type":"if","locations":[{"start":{"line":509,"column":8},"end":{"line":511,"column":null}}]},"65":{"loc":{"start":{"line":517,"column":22},"end":{"line":517,"column":111}},"type":"cond-expr","locations":[{"start":{"line":517,"column":54},"end":{"line":517,"column":96}},{"start":{"line":517,"column":96},"end":{"line":517,"column":111}}]},"66":{"loc":{"start":{"line":522,"column":16},"end":{"line":522,"column":null}},"type":"binary-expr","locations":[{"start":{"line":522,"column":16},"end":{"line":522,"column":32}},{"start":{"line":522,"column":32},"end":{"line":522,"column":null}}]},"67":{"loc":{"start":{"line":523,"column":17},"end":{"line":523,"column":null}},"type":"binary-expr","locations":[{"start":{"line":523,"column":17},"end":{"line":523,"column":34}},{"start":{"line":523,"column":34},"end":{"line":523,"column":null}}]},"68":{"loc":{"start":{"line":579,"column":4},"end":{"line":582,"column":null}},"type":"if","locations":[{"start":{"line":579,"column":4},"end":{"line":582,"column":null}}]},"69":{"loc":{"start":{"line":590,"column":2},"end":{"line":590,"column":null}},"type":"binary-expr","locations":[{"start":{"line":590,"column":2},"end":{"line":590,"column":33}},{"start":{"line":590,"column":37},"end":{"line":590,"column":null}}]},"70":{"loc":{"start":{"line":595,"column":2},"end":{"line":595,"column":null}},"type":"binary-expr","locations":[{"start":{"line":595,"column":2},"end":{"line":595,"column":33}},{"start":{"line":595,"column":37},"end":{"line":595,"column":null}}]}},"s":{"0":0,"1":0,"2":28,"3":0,"4":2,"5":0,"6":0,"7":0,"8":0,"9":0,"10":0,"11":0,"12":0,"13":0,"14":0,"15":0,"16":0,"17":0,"18":0,"19":0,"20":0,"21":0,"22":0,"23":2,"24":0,"25":0,"26":0,"27":0,"28":0,"29":0,"30":0,"31":0,"32":0,"33":0,"34":1,"35":1,"36":0,"37":0,"38":0,"39":0,"40":1,"41":1,"42":1,"43":1,"44":1,"45":23,"46":23,"47":23,"48":2,"49":2,"50":1,"51":23,"52":0,"53":0,"54":0,"55":0,"56":0,"57":0,"58":0,"59":23,"60":23,"61":23,"62":23,"63":1,"64":1,"65":1,"66":23,"67":22,"68":23,"69":23,"70":22,"71":22,"72":4,"73":4,"74":4,"75":3,"76":1,"77":1,"78":21,"79":4,"80":2,"81":17,"82":15,"83":14,"84":1,"85":17,"86":17,"87":2,"88":4,"89":4,"90":17,"91":1,"92":3,"93":2,"94":3,"95":3,"96":2,"97":1,"98":1,"99":1,"100":1,"101":3,"102":0,"103":0,"104":1,"105":2,"106":2,"107":1,"108":1,"109":1,"110":2,"111":1,"112":2,"113":0,"114":2,"115":2,"116":2,"117":2,"118":0,"119":0,"120":0,"121":0,"122":1,"123":0,"124":0,"125":0,"126":0,"127":0,"128":0,"129":0,"130":0,"131":0,"132":0,"133":0,"134":0,"135":0,"136":0,"137":0,"138":0,"139":0,"140":0,"141":0,"142":0,"143":0,"144":0,"145":0,"146":0,"147":0,"148":0,"149":0,"150":0,"151":0,"152":0,"153":0,"154":0,"155":0,"156":1,"157":0,"158":0,"159":0,"160":0,"161":0,"162":0,"163":0,"164":0,"165":0,"166":0,"167":0,"168":0,"169":0,"170":0,"171":0,"172":1,"173":0,"174":1,"175":0,"176":1,"177":0,"178":1,"179":0,"180":1,"181":0,"182":0,"183":0,"184":0,"185":0,"186":0,"187":1,"188":1,"189":1,"190":1},"f":{"0":2,"1":0,"2":0,"3":0,"4":2,"5":0,"6":0,"7":0,"8":0,"9":0,"10":0,"11":1,"12":0,"13":0,"14":0,"15":0,"16":1,"17":1,"18":1,"19":23,"20":23,"21":1,"22":17,"23":4,"24":1,"25":3,"26":1,"27":1,"28":0,"29":0,"30":1,"31":2,"32":0,"33":0,"34":0,"35":0,"36":0,"37":0,"38":0,"39":0,"40":0,"41":0,"42":0,"43":0,"44":0,"45":0,"46":0,"47":0,"48":0,"49":0,"50":0,"51":0,"52":0,"53":0,"54":0},"b":{"0":[0],"1":[0],"2":[0,0],"3":[0],"4":[0,0,0],"5":[0],"6":[0],"7":[0],"8":[0,0],"9":[0],"10":[0],"11":[0,0],"12":[0,0],"13":[0,0],"14":[0,0],"15":[23,0],"16":[2],"17":[0],"18":[0,0],"19":[0],"20":[22],"21":[1],"22":[22],"23":[4],"24":[22,4,4],"25":[1],"26":[4],"27":[14],"28":[15,15],"29":[2],"30":[4],"31":[4,4],"32":[1,0],"33":[2],"34":[3,2],"35":[2,0],"36":[1,1],"37":[3,0],"38":[2],"39":[0,0],"40":[1,1],"41":[2,1],"42":[1],"43":[0],"44":[1,1],"45":[2,1],"46":[2,1],"47":[0,0],"48":[0,0],"49":[0],"50":[0,0],"51":[0,0],"52":[0,0],"53":[0],"54":[0],"55":[0],"56":[0],"57":[0],"58":[0],"59":[0,0],"60":[0,0],"61":[0,0],"62":[0,0],"63":[0,0],"64":[0],"65":[0,0],"66":[0,0],"67":[0,0],"68":[0],"69":[1,0],"70":[1,0]}}
}
