TN:
SF:lib/api-client.ts
FN:42,(anonymous_8)
FN:46,(anonymous_9)
FN:50,(anonymous_10)
FN:56,(anonymous_11)
FN:107,(anonymous_12)
FN:111,(anonymous_13)
FN:114,(anonymous_14)
FN:123,(anonymous_15)
FN:130,(anonymous_16)
FN:137,(anonymous_17)
FN:141,(anonymous_18)
FN:156,(anonymous_19)
FN:159,(anonymous_20)
FN:162,(anonymous_21)
FN:165,(anonymous_22)
FN:168,(anonymous_23)
FN:192,(anonymous_24)
FN:199,(anonymous_25)
FN:199,(anonymous_26)
FN:209,(anonymous_27)
FN:243,(anonymous_28)
FN:256,(anonymous_29)
FN:296,(anonymous_30)
FN:299,(anonymous_31)
FN:309,(anonymous_32)
FN:316,(anonymous_33)
FN:338,(anonymous_34)
FN:345,(anonymous_35)
FN:358,(anonymous_36)
FN:362,(anonymous_37)
FN:370,(anonymous_38)
FN:372,(anonymous_39)
FN:406,(anonymous_40)
FN:409,(anonymous_41)
FN:412,(anonymous_42)
FN:415,(anonymous_43)
FN:420,(anonymous_44)
FN:450,(anonymous_45)
FN:453,(anonymous_46)
FN:456,(anonymous_47)
FN:459,(anonymous_48)
FN:462,(anonymous_49)
FN:465,(anonymous_50)
FN:497,(anonymous_51)
FN:527,(anonymous_52)
FN:530,(anonymous_53)
FN:533,(anonymous_54)
FN:536,(anonymous_55)
FN:541,(anonymous_56)
FN:555,(anonymous_57)
FN:560,(anonymous_58)
FN:565,(anonymous_59)
FN:570,(anonymous_60)
FN:577,(anonymous_61)
FN:580,(anonymous_62)
FNF:55
FNH:17
FNDA:2,(anonymous_8)
FNDA:0,(anonymous_9)
FNDA:0,(anonymous_10)
FNDA:0,(anonymous_11)
FNDA:2,(anonymous_12)
FNDA:0,(anonymous_13)
FNDA:0,(anonymous_14)
FNDA:0,(anonymous_15)
FNDA:0,(anonymous_16)
FNDA:0,(anonymous_17)
FNDA:0,(anonymous_18)
FNDA:1,(anonymous_19)
FNDA:0,(anonymous_20)
FNDA:0,(anonymous_21)
FNDA:0,(anonymous_22)
FNDA:0,(anonymous_23)
FNDA:1,(anonymous_24)
FNDA:1,(anonymous_25)
FNDA:1,(anonymous_26)
FNDA:23,(anonymous_27)
FNDA:23,(anonymous_28)
FNDA:1,(anonymous_29)
FNDA:17,(anonymous_30)
FNDA:4,(anonymous_31)
FNDA:1,(anonymous_32)
FNDA:3,(anonymous_33)
FNDA:1,(anonymous_34)
FNDA:1,(anonymous_35)
FNDA:0,(anonymous_36)
FNDA:0,(anonymous_37)
FNDA:1,(anonymous_38)
FNDA:2,(anonymous_39)
FNDA:0,(anonymous_40)
FNDA:0,(anonymous_41)
FNDA:0,(anonymous_42)
FNDA:0,(anonymous_43)
FNDA:0,(anonymous_44)
FNDA:0,(anonymous_45)
FNDA:0,(anonymous_46)
FNDA:0,(anonymous_47)
FNDA:0,(anonymous_48)
FNDA:0,(anonymous_49)
FNDA:0,(anonymous_50)
FNDA:0,(anonymous_51)
FNDA:0,(anonymous_52)
FNDA:0,(anonymous_53)
FNDA:0,(anonymous_54)
FNDA:0,(anonymous_55)
FNDA:0,(anonymous_56)
FNDA:0,(anonymous_57)
FNDA:0,(anonymous_58)
FNDA:0,(anonymous_59)
FNDA:0,(anonymous_60)
FNDA:0,(anonymous_61)
FNDA:0,(anonymous_62)
DA:43,2
DA:47,0
DA:51,0
DA:61,0
DA:62,0
DA:68,0
DA:74,0
DA:77,0
DA:78,0
DA:80,0
DA:85,0
DA:87,0
DA:94,0
DA:95,0
DA:96,0
DA:99,0
DA:100,0
DA:101,0
DA:104,0
DA:108,2
DA:112,0
DA:113,0
DA:114,0
DA:115,0
DA:116,0
DA:120,0
DA:124,0
DA:131,0
DA:138,0
DA:142,0
DA:157,1
DA:158,1
DA:160,0
DA:163,0
DA:166,0
DA:169,0
DA:193,1
DA:196,1
DA:199,1
DA:200,1
DA:210,23
DA:212,23
DA:213,23
DA:215,2
DA:216,2
DA:218,1
DA:221,23
DA:224,0
DA:225,0
DA:228,0
DA:229,0
DA:230,0
DA:233,0
DA:237,0
DA:249,23
DA:252,23
DA:253,23
DA:254,23
DA:255,1
DA:256,1
DA:258,23
DA:259,22
DA:262,23
DA:263,23
DA:266,22
DA:269,22
DA:270,4
DA:271,4
DA:272,4
DA:273,3
DA:275,1
DA:278,1
DA:282,21
DA:283,4
DA:284,2
DA:287,17
DA:288,15
DA:289,14
DA:292,1
DA:297,17
DA:298,17
DA:299,2
DA:300,4
DA:301,4
DA:305,17
DA:310,1
DA:318,3
DA:319,2
DA:330,3
DA:336,3
DA:337,2
DA:339,1
DA:343,1
DA:346,1
DA:350,1
DA:355,3
DA:359,0
DA:363,0
DA:371,1
DA:373,2
DA:376,2
DA:377,1
DA:378,1
DA:380,1
DA:384,2
DA:385,1
DA:388,2
DA:389,0
DA:392,2
DA:393,2
DA:396,2
DA:398,2
DA:407,0
DA:410,0
DA:413,0
DA:416,0
DA:419,1
DA:421,0
DA:424,0
DA:425,0
DA:426,0
DA:428,0
DA:432,0
DA:433,0
DA:436,0
DA:437,0
DA:440,0
DA:442,0
DA:451,0
DA:454,0
DA:457,0
DA:460,0
DA:463,0
DA:473,0
DA:475,0
DA:476,0
DA:477,0
DA:478,0
DA:479,0
DA:480,0
DA:482,0
DA:483,0
DA:485,0
DA:487,0
DA:496,1
DA:498,0
DA:501,0
DA:502,0
DA:503,0
DA:505,0
DA:509,0
DA:510,0
DA:513,0
DA:514,0
DA:517,0
DA:519,0
DA:528,0
DA:531,0
DA:534,0
DA:537,0
DA:540,1
DA:542,0
DA:554,1
DA:556,0
DA:559,1
DA:561,0
DA:564,1
DA:566,0
DA:569,1
DA:572,0
DA:579,0
DA:580,0
DA:581,0
DA:584,0
DA:589,1
DA:594,28
DA:599,1
DA:601,1
LF:178
LH:81
BRDA:58,0,0,0
BRDA:59,1,0,0
BRDA:64,2,0,0
BRDA:64,2,1,0
BRDA:77,3,0,0
BRDA:77,4,0,0
BRDA:77,4,1,0
BRDA:77,4,2,0
BRDA:85,5,0,0
BRDA:94,6,0,0
BRDA:100,7,0,0
BRDA:100,8,0,0
BRDA:100,8,1,0
BRDA:113,9,0,0
BRDA:115,10,0,0
BRDA:115,11,0,0
BRDA:115,11,1,0
BRDA:126,12,0,0
BRDA:126,12,1,0
BRDA:133,13,0,0
BRDA:133,13,1,0
BRDA:144,14,0,0
BRDA:144,14,1,0
BRDA:210,15,0,23
BRDA:210,15,1,0
BRDA:213,16,0,2
BRDA:228,17,0,0
BRDA:230,18,0,0
BRDA:230,18,1,0
BRDA:245,19,0,0
BRDA:246,20,0,22
BRDA:254,21,0,1
BRDA:258,22,0,22
BRDA:269,23,0,4
BRDA:269,24,0,22
BRDA:269,24,1,4
BRDA:269,24,2,4
BRDA:273,25,0,1
BRDA:282,26,0,4
BRDA:288,27,0,14
BRDA:288,28,0,15
BRDA:288,28,1,15
BRDA:298,29,0,2
BRDA:300,30,0,4
BRDA:300,31,0,4
BRDA:300,31,1,4
BRDA:312,32,0,1
BRDA:312,32,1,0
BRDA:318,33,0,2
BRDA:318,34,0,3
BRDA:318,34,1,2
BRDA:322,35,0,2
BRDA:322,35,1,0
BRDA:323,36,0,1
BRDA:323,36,1,1
BRDA:332,37,0,3
BRDA:332,37,1,0
BRDA:336,38,0,2
BRDA:365,39,0,0
BRDA:365,39,1,0
BRDA:376,40,0,1
BRDA:376,40,1,1
BRDA:376,41,0,2
BRDA:376,41,1,1
BRDA:384,42,0,1
BRDA:388,43,0,0
BRDA:396,44,0,1
BRDA:396,44,1,1
BRDA:401,45,0,2
BRDA:401,45,1,1
BRDA:402,46,0,2
BRDA:402,46,1,1
BRDA:424,47,0,0
BRDA:424,47,1,0
BRDA:424,48,0,0
BRDA:424,48,1,0
BRDA:432,49,0,0
BRDA:440,50,0,0
BRDA:440,50,1,0
BRDA:445,51,0,0
BRDA:445,51,1,0
BRDA:446,52,0,0
BRDA:446,52,1,0
BRDA:475,53,0,0
BRDA:476,54,0,0
BRDA:477,55,0,0
BRDA:478,56,0,0
BRDA:479,57,0,0
BRDA:480,58,0,0
BRDA:485,59,0,0
BRDA:485,59,1,0
BRDA:490,60,0,0
BRDA:490,60,1,0
BRDA:491,61,0,0
BRDA:491,61,1,0
BRDA:501,62,0,0
BRDA:501,62,1,0
BRDA:501,63,0,0
BRDA:501,63,1,0
BRDA:509,64,0,0
BRDA:517,65,0,0
BRDA:517,65,1,0
BRDA:522,66,0,0
BRDA:522,66,1,0
BRDA:523,67,0,0
BRDA:523,67,1,0
BRDA:579,68,0,0
BRDA:590,69,0,1
BRDA:590,69,1,0
BRDA:595,70,0,1
BRDA:595,70,1,0
BRF:111
BRH:40
end_of_record
